0 info it worked if it ends with ok
1 verbose cli [ '/usr/local/bin/node',
1 verbose cli   '/usr/local/bin/npm',
1 verbose cli   'install',
1 verbose cli   'htmlhint',
1 verbose cli   '-g' ]
2 info using npm@2.15.9
3 info using node@v4.5.0
4 verbose install initial load of /usr/local/lib/package.json
5 verbose readDependencies loading dependencies from /usr/local/lib/package.json
6 silly cache add args [ 'htmlhint', null ]
7 verbose cache add spec htmlhint
8 silly cache add parsed spec Result {
8 silly cache add   raw: 'htmlhint',
8 silly cache add   scope: null,
8 silly cache add   name: 'htmlhint',
8 silly cache add   rawSpec: '',
8 silly cache add   spec: 'latest',
8 silly cache add   type: 'tag' }
9 silly addNamed htmlhint@latest
10 verbose addNamed "latest" is being treated as a dist-tag for htmlhint
11 info addNameTag [ 'htmlhint', 'latest' ]
12 silly mapToRegistry name htmlhint
13 silly mapToRegistry using default registry
14 silly mapToRegistry registry https://registry.npmjs.org/
15 silly mapToRegistry data Result {
15 silly mapToRegistry   raw: 'htmlhint',
15 silly mapToRegistry   scope: null,
15 silly mapToRegistry   name: 'htmlhint',
15 silly mapToRegistry   rawSpec: '',
15 silly mapToRegistry   spec: 'latest',
15 silly mapToRegistry   type: 'tag' }
16 silly mapToRegistry uri https://registry.npmjs.org/htmlhint
17 verbose addNameTag registry:https://registry.npmjs.org/htmlhint not in flight; fetching
18 verbose request uri https://registry.npmjs.org/htmlhint
19 verbose request no auth needed
20 info attempt registry request try #1 at 4:29:54 PM
21 verbose request id 5cd573f8900d4693
22 verbose etag W/"580ebe1a-4710"
23 verbose lastModified Tue, 25 Oct 2016 02:06:18 GMT
24 http request GET https://registry.npmjs.org/htmlhint
25 http 304 https://registry.npmjs.org/htmlhint
26 verbose headers { date: 'Tue, 29 Nov 2016 21:29:54 GMT',
26 verbose headers   via: '1.1 varnish',
26 verbose headers   'cache-control': 'max-age=300',
26 verbose headers   etag: 'W/"580ebe1a-4710"',
26 verbose headers   age: '149',
26 verbose headers   connection: 'keep-alive',
26 verbose headers   'x-served-by': 'cache-jfk8130-JFK',
26 verbose headers   'x-cache': 'HIT',
26 verbose headers   'x-cache-hits': '1',
26 verbose headers   'x-timer': 'S1480454994.131299,VS0,VE0',
26 verbose headers   vary: 'Accept-Encoding' }
27 silly get cb [ 304,
27 silly get   { date: 'Tue, 29 Nov 2016 21:29:54 GMT',
27 silly get     via: '1.1 varnish',
27 silly get     'cache-control': 'max-age=300',
27 silly get     etag: 'W/"580ebe1a-4710"',
27 silly get     age: '149',
27 silly get     connection: 'keep-alive',
27 silly get     'x-served-by': 'cache-jfk8130-JFK',
27 silly get     'x-cache': 'HIT',
27 silly get     'x-cache-hits': '1',
27 silly get     'x-timer': 'S1480454994.131299,VS0,VE0',
27 silly get     vary: 'Accept-Encoding' } ]
28 verbose etag https://registry.npmjs.org/htmlhint from cache
29 verbose get saving htmlhint to /Users/shanqingtan/.npm/registry.npmjs.org/htmlhint/.cache.json
30 verbose correctMkdir /Users/shanqingtan/.npm correctMkdir not in flight; initializing
31 silly addNameTag next cb for htmlhint with tag latest
32 silly addNamed htmlhint@0.9.13
33 verbose addNamed "0.9.13" is a plain semver version for htmlhint
34 silly cache afterAdd htmlhint@0.9.13
35 verbose afterAdd /Users/shanqingtan/.npm/htmlhint/0.9.13/package/package.json not in flight; writing
36 verbose correctMkdir /Users/shanqingtan/.npm correctMkdir not in flight; initializing
37 verbose afterAdd /Users/shanqingtan/.npm/htmlhint/0.9.13/package/package.json written
38 silly install resolved [ { name: 'htmlhint',
38 silly install resolved     version: '0.9.13',
38 silly install resolved     description: 'A Static Code Analysis Tool for HTML',
38 silly install resolved     main: './index',
38 silly install resolved     dependencies:
38 silly install resolved      { async: '1.4.2',
38 silly install resolved        colors: '1.0.3',
38 silly install resolved        commander: '2.6.0',
38 silly install resolved        csslint: '0.10.0',
38 silly install resolved        glob: '5.0.15',
38 silly install resolved        jshint: '2.8.0',
38 silly install resolved        'parse-glob': '3.0.4',
38 silly install resolved        'strip-json-comments': '1.0.4',
38 silly install resolved        xml: '1.0.0' },
38 silly install resolved     devDependencies:
38 silly install resolved      { 'expect.js': '0.2.0',
38 silly install resolved        grunt: '0.4.1',
38 silly install resolved        'grunt-cli': '0.1.6',
38 silly install resolved        'grunt-contrib-clean': '0.4.0',
38 silly install resolved        'grunt-contrib-concat': '0.1.3',
38 silly install resolved        'grunt-contrib-jshint': '0.11.3',
38 silly install resolved        'grunt-contrib-uglify': '0.2.0',
38 silly install resolved        'grunt-contrib-watch': '0.3.1',
38 silly install resolved        'grunt-exec': '0.4.0',
38 silly install resolved        'grunt-replace': '0.4.0',
38 silly install resolved        istanbul: '0.3.22',
38 silly install resolved        'istanbul-coveralls': '1.0.3',
38 silly install resolved        mocha: '2.2.0' },
38 silly install resolved     bin: { htmlhint: './bin/htmlhint' },
38 silly install resolved     repository: { type: 'git', url: 'git://github.com/yaniswang/HTMLHint.git' },
38 silly install resolved     bugs: { url: 'https://github.com/yaniswang/HTMLHint/issues' },
38 silly install resolved     keywords: [ 'html', 'hint', 'Analysis', 'Javascript' ],
38 silly install resolved     author: { name: 'Yanis Wang' },
38 silly install resolved     license: 'MIT',
38 silly install resolved     gitHead: 'b860810fdf98c41514dada309b3655c0c9582d12',
38 silly install resolved     homepage: 'https://github.com/yaniswang/HTMLHint#readme',
38 silly install resolved     _id: 'htmlhint@0.9.13',
38 silly install resolved     scripts: {},
38 silly install resolved     _shasum: '08163cb1e6aa505048ebb0b41063a7ca07dc6c88',
38 silly install resolved     _from: 'htmlhint@latest',
38 silly install resolved     _npmVersion: '3.8.2',
38 silly install resolved     _nodeVersion: '4.4.0',
38 silly install resolved     _npmUser: { name: 'yaniswang', email: 'yanis.wang@gmail.com' },
38 silly install resolved     dist:
38 silly install resolved      { shasum: '08163cb1e6aa505048ebb0b41063a7ca07dc6c88',
38 silly install resolved        tarball: 'https://registry.npmjs.org/htmlhint/-/htmlhint-0.9.13.tgz' },
38 silly install resolved     maintainers: [ [Object] ],
38 silly install resolved     _npmOperationalInternal:
38 silly install resolved      { host: 'packages-16-east.internal.npmjs.com',
38 silly install resolved        tmp: 'tmp/htmlhint-0.9.13.tgz_1462148407643_0.5628982610069215' },
38 silly install resolved     directories: {},
38 silly install resolved     _resolved: 'https://registry.npmjs.org/htmlhint/-/htmlhint-0.9.13.tgz',
38 silly install resolved     readme: 'ERROR: No README data found!' } ]
39 info install htmlhint@0.9.13 into /usr/local/lib
40 info installOne htmlhint@0.9.13
41 verbose installOne of htmlhint to /usr/local/lib not in flight; installing
42 verbose correctMkdir /Users/shanqingtan/.npm/_locks correctMkdir not in flight; initializing
43 verbose lock using /Users/shanqingtan/.npm/_locks/htmlhint-b62e99a44b59d583.lock for /usr/local/lib/node_modules/htmlhint
44 silly install write writing htmlhint 0.9.13 to /usr/local/lib/node_modules/htmlhint
45 verbose unbuild lib/node_modules/htmlhint
46 silly gentlyRm /usr/local/lib/node_modules/htmlhint is being purged from base /usr/local
47 verbose gentlyRm don't care about contents; nuking /usr/local/lib/node_modules/htmlhint
48 verbose tar unpack /Users/shanqingtan/.npm/htmlhint/0.9.13/package.tgz
49 verbose tar unpacking to /usr/local/lib/node_modules/htmlhint
50 silly gentlyRm /usr/local/lib/node_modules/htmlhint is being purged
51 verbose gentlyRm don't care about contents; nuking /usr/local/lib/node_modules/htmlhint
52 silly gunzTarPerm modes [ '755', '644' ]
53 error tar.unpack untar error /Users/shanqingtan/.npm/htmlhint/0.9.13/package.tgz
54 verbose unlock done using /Users/shanqingtan/.npm/_locks/htmlhint-b62e99a44b59d583.lock for /usr/local/lib/node_modules/htmlhint
55 verbose fstream_path /usr/local/lib/node_modules/htmlhint
56 verbose fstream_type Directory
57 verbose fstream_class DirWriter
58 verbose stack Error: EACCES: permission denied, mkdir '/usr/local/lib/node_modules/htmlhint'
58 verbose stack     at Error (native)
59 verbose fstream_stack /usr/local/lib/node_modules/npm/node_modules/fstream/lib/dir-writer.js:35:25
59 verbose fstream_stack /usr/local/lib/node_modules/npm/node_modules/mkdirp/index.js:47:53
59 verbose fstream_stack FSReqWrap.oncomplete (fs.js:82:15)
60 verbose cwd /Users/shanqingtan/GitHub/events-calendar/webapp
61 error Darwin 14.4.0
62 error argv "/usr/local/bin/node" "/usr/local/bin/npm" "install" "htmlhint" "-g"
63 error node v4.5.0
64 error npm  v2.15.9
65 error path /usr/local/lib/node_modules/htmlhint
66 error code EACCES
67 error errno -13
68 error syscall mkdir
69 error Error: EACCES: permission denied, mkdir '/usr/local/lib/node_modules/htmlhint'
69 error     at Error (native)
69 error  { [Error: EACCES: permission denied, mkdir '/usr/local/lib/node_modules/htmlhint']
69 error   errno: -13,
69 error   code: 'EACCES',
69 error   syscall: 'mkdir',
69 error   path: '/usr/local/lib/node_modules/htmlhint',
69 error   fstream_type: 'Directory',
69 error   fstream_path: '/usr/local/lib/node_modules/htmlhint',
69 error   fstream_class: 'DirWriter',
69 error   fstream_stack:
69 error    [ '/usr/local/lib/node_modules/npm/node_modules/fstream/lib/dir-writer.js:35:25',
69 error      '/usr/local/lib/node_modules/npm/node_modules/mkdirp/index.js:47:53',
69 error      'FSReqWrap.oncomplete (fs.js:82:15)' ] }
70 error Please try running this command again as root/Administrator.
71 verbose exit [ -13, true ]
72 verbose unbuild lib/node_modules/htmlhint
73 silly gentlyRm /usr/local/lib/node_modules/htmlhint is being purged from base /usr/local
74 verbose gentlyRm don't care about contents; nuking /usr/local/lib/node_modules/htmlhint
